2023-05-16T07:26:04+00:00 CRITICAL Uncaught TypeError: mysqli_fetch_assoc(): Argument #1 ($result) must be of type mysqli_result, bool given in C:\wamp64\www\Planty\wp-content\plugins\all-in-one-wp-migration\lib\vendor\servmask\database\class-ai1wm-database-mysqli.php:113
Stack trace:
#0 C:\wamp64\www\Planty\wp-content\plugins\all-in-one-wp-migration\lib\vendor\servmask\database\class-ai1wm-database-mysqli.php(113): mysqli_fetch_assoc(false)
#1 C:\wamp64\www\Planty\wp-content\plugins\all-in-one-wp-migration\lib\vendor\servmask\database\class-ai1wm-database.php(1323): Ai1wm_Database_Mysqli->fetch_assoc(false)
#2 C:\wamp64\www\Planty\wp-content\plugins\all-in-one-wp-migration\lib\vendor\servmask\database\class-ai1wm-database.php(868): Ai1wm_Database->get_create_table('wp_mailpoet_sub...')
#3 C:\wamp64\www\Planty\wp-content\plugins\all-in-one-wp-migration\lib\model\export\class-ai1wm-export-database.php(162): Ai1wm_Database->export('C:\\wamp64\\www\\P...', 0, 49, 0, 8731)
#4 C:\wamp64\www\Planty\wp-content\plugins\all-in-one-wp-migration\lib\controller\class-ai1wm-export-controller.php(73): Ai1wm_Export_Database::execute(Array)
#5 C:\wamp64\www\Planty\wp-includes\class-wp-hook.php(308): Ai1wm_Export_Controller::export(Array)
#6 C:\wamp64\www\Planty\wp-includes\class-wp-hook.php(332): WP_Hook->apply_filters('', Array)
#7 C:\wamp64\www\Planty\wp-includes\plugin.php(517): WP_Hook->do_action(Array)
#8 C:\wamp64\www\Planty\wp-admin\admin-ajax.php(188): do_action('wp_ajax_ai1wm_e...')
#9 {main}
  thrown dans C:\wamp64\www\Planty\wp-content\plugins\all-in-one-wp-migration\lib\vendor\servmask\database\class-ai1wm-database-mysqli.php à la ligne 113

2023-05-16T07:26:07+00:00 CRITICAL Uncaught TypeError: mysqli_fetch_assoc(): Argument #1 ($result) must be of type mysqli_result, bool given in C:\wamp64\www\Planty\wp-content\plugins\all-in-one-wp-migration\lib\vendor\servmask\database\class-ai1wm-database-mysqli.php:113
Stack trace:
#0 C:\wamp64\www\Planty\wp-content\plugins\all-in-one-wp-migration\lib\vendor\servmask\database\class-ai1wm-database-mysqli.php(113): mysqli_fetch_assoc(false)
#1 C:\wamp64\www\Planty\wp-content\plugins\all-in-one-wp-migration\lib\vendor\servmask\database\class-ai1wm-database.php(1323): Ai1wm_Database_Mysqli->fetch_assoc(false)
#2 C:\wamp64\www\Planty\wp-content\plugins\all-in-one-wp-migration\lib\vendor\servmask\database\class-ai1wm-database.php(868): Ai1wm_Database->get_create_table('wp_mailpoet_sub...')
#3 C:\wamp64\www\Planty\wp-content\plugins\all-in-one-wp-migration\lib\model\export\class-ai1wm-export-database.php(162): Ai1wm_Database->export('C:\\wamp64\\www\\P...', 0, 49, 0, 8731)
#4 C:\wamp64\www\Planty\wp-content\plugins\all-in-one-wp-migration\lib\controller\class-ai1wm-export-controller.php(73): Ai1wm_Export_Database::execute(Array)
#5 C:\wamp64\www\Planty\wp-includes\class-wp-hook.php(308): Ai1wm_Export_Controller::export(Array)
#6 C:\wamp64\www\Planty\wp-includes\class-wp-hook.php(332): WP_Hook->apply_filters('', Array)
#7 C:\wamp64\www\Planty\wp-includes\plugin.php(517): WP_Hook->do_action(Array)
#8 C:\wamp64\www\Planty\wp-admin\admin-ajax.php(188): do_action('wp_ajax_ai1wm_e...')
#9 {main}
  thrown dans C:\wamp64\www\Planty\wp-content\plugins\all-in-one-wp-migration\lib\vendor\servmask\database\class-ai1wm-database-mysqli.php à la ligne 113

2023-05-16T07:26:10+00:00 CRITICAL Uncaught TypeError: mysqli_fetch_assoc(): Argument #1 ($result) must be of type mysqli_result, bool given in C:\wamp64\www\Planty\wp-content\plugins\all-in-one-wp-migration\lib\vendor\servmask\database\class-ai1wm-database-mysqli.php:113
Stack trace:
#0 C:\wamp64\www\Planty\wp-content\plugins\all-in-one-wp-migration\lib\vendor\servmask\database\class-ai1wm-database-mysqli.php(113): mysqli_fetch_assoc(false)
#1 C:\wamp64\www\Planty\wp-content\plugins\all-in-one-wp-migration\lib\vendor\servmask\database\class-ai1wm-database.php(1323): Ai1wm_Database_Mysqli->fetch_assoc(false)
#2 C:\wamp64\www\Planty\wp-content\plugins\all-in-one-wp-migration\lib\vendor\servmask\database\class-ai1wm-database.php(868): Ai1wm_Database->get_create_table('wp_mailpoet_sub...')
#3 C:\wamp64\www\Planty\wp-content\plugins\all-in-one-wp-migration\lib\model\export\class-ai1wm-export-database.php(162): Ai1wm_Database->export('C:\\wamp64\\www\\P...', 0, 49, 0, 8731)
#4 C:\wamp64\www\Planty\wp-content\plugins\all-in-one-wp-migration\lib\controller\class-ai1wm-export-controller.php(73): Ai1wm_Export_Database::execute(Array)
#5 C:\wamp64\www\Planty\wp-includes\class-wp-hook.php(308): Ai1wm_Export_Controller::export(Array)
#6 C:\wamp64\www\Planty\wp-includes\class-wp-hook.php(332): WP_Hook->apply_filters('', Array)
#7 C:\wamp64\www\Planty\wp-includes\plugin.php(517): WP_Hook->do_action(Array)
#8 C:\wamp64\www\Planty\wp-admin\admin-ajax.php(188): do_action('wp_ajax_ai1wm_e...')
#9 {main}
  thrown dans C:\wamp64\www\Planty\wp-content\plugins\all-in-one-wp-migration\lib\vendor\servmask\database\class-ai1wm-database-mysqli.php à la ligne 113

2023-05-16T07:26:14+00:00 CRITICAL Uncaught TypeError: mysqli_fetch_assoc(): Argument #1 ($result) must be of type mysqli_result, bool given in C:\wamp64\www\Planty\wp-content\plugins\all-in-one-wp-migration\lib\vendor\servmask\database\class-ai1wm-database-mysqli.php:113
Stack trace:
#0 C:\wamp64\www\Planty\wp-content\plugins\all-in-one-wp-migration\lib\vendor\servmask\database\class-ai1wm-database-mysqli.php(113): mysqli_fetch_assoc(false)
#1 C:\wamp64\www\Planty\wp-content\plugins\all-in-one-wp-migration\lib\vendor\servmask\database\class-ai1wm-database.php(1323): Ai1wm_Database_Mysqli->fetch_assoc(false)
#2 C:\wamp64\www\Planty\wp-content\plugins\all-in-one-wp-migration\lib\vendor\servmask\database\class-ai1wm-database.php(868): Ai1wm_Database->get_create_table('wp_mailpoet_sub...')
#3 C:\wamp64\www\Planty\wp-content\plugins\all-in-one-wp-migration\lib\model\export\class-ai1wm-export-database.php(162): Ai1wm_Database->export('C:\\wamp64\\www\\P...', 0, 49, 0, 8731)
#4 C:\wamp64\www\Planty\wp-content\plugins\all-in-one-wp-migration\lib\controller\class-ai1wm-export-controller.php(73): Ai1wm_Export_Database::execute(Array)
#5 C:\wamp64\www\Planty\wp-includes\class-wp-hook.php(308): Ai1wm_Export_Controller::export(Array)
#6 C:\wamp64\www\Planty\wp-includes\class-wp-hook.php(332): WP_Hook->apply_filters('', Array)
#7 C:\wamp64\www\Planty\wp-includes\plugin.php(517): WP_Hook->do_action(Array)
#8 C:\wamp64\www\Planty\wp-admin\admin-ajax.php(188): do_action('wp_ajax_ai1wm_e...')
#9 {main}
  thrown dans C:\wamp64\www\Planty\wp-content\plugins\all-in-one-wp-migration\lib\vendor\servmask\database\class-ai1wm-database-mysqli.php à la ligne 113

2023-05-16T07:26:20+00:00 CRITICAL Uncaught TypeError: mysqli_fetch_assoc(): Argument #1 ($result) must be of type mysqli_result, bool given in C:\wamp64\www\Planty\wp-content\plugins\all-in-one-wp-migration\lib\vendor\servmask\database\class-ai1wm-database-mysqli.php:113
Stack trace:
#0 C:\wamp64\www\Planty\wp-content\plugins\all-in-one-wp-migration\lib\vendor\servmask\database\class-ai1wm-database-mysqli.php(113): mysqli_fetch_assoc(false)
#1 C:\wamp64\www\Planty\wp-content\plugins\all-in-one-wp-migration\lib\vendor\servmask\database\class-ai1wm-database.php(1323): Ai1wm_Database_Mysqli->fetch_assoc(false)
#2 C:\wamp64\www\Planty\wp-content\plugins\all-in-one-wp-migration\lib\vendor\servmask\database\class-ai1wm-database.php(868): Ai1wm_Database->get_create_table('wp_mailpoet_sub...')
#3 C:\wamp64\www\Planty\wp-content\plugins\all-in-one-wp-migration\lib\model\export\class-ai1wm-export-database.php(162): Ai1wm_Database->export('C:\\wamp64\\www\\P...', 0, 49, 0, 8731)
#4 C:\wamp64\www\Planty\wp-content\plugins\all-in-one-wp-migration\lib\controller\class-ai1wm-export-controller.php(73): Ai1wm_Export_Database::execute(Array)
#5 C:\wamp64\www\Planty\wp-includes\class-wp-hook.php(308): Ai1wm_Export_Controller::export(Array)
#6 C:\wamp64\www\Planty\wp-includes\class-wp-hook.php(332): WP_Hook->apply_filters('', Array)
#7 C:\wamp64\www\Planty\wp-includes\plugin.php(517): WP_Hook->do_action(Array)
#8 C:\wamp64\www\Planty\wp-admin\admin-ajax.php(188): do_action('wp_ajax_ai1wm_e...')
#9 {main}
  thrown dans C:\wamp64\www\Planty\wp-content\plugins\all-in-one-wp-migration\lib\vendor\servmask\database\class-ai1wm-database-mysqli.php à la ligne 113

2023-05-16T07:26:26+00:00 CRITICAL Uncaught TypeError: mysqli_fetch_assoc(): Argument #1 ($result) must be of type mysqli_result, bool given in C:\wamp64\www\Planty\wp-content\plugins\all-in-one-wp-migration\lib\vendor\servmask\database\class-ai1wm-database-mysqli.php:113
Stack trace:
#0 C:\wamp64\www\Planty\wp-content\plugins\all-in-one-wp-migration\lib\vendor\servmask\database\class-ai1wm-database-mysqli.php(113): mysqli_fetch_assoc(false)
#1 C:\wamp64\www\Planty\wp-content\plugins\all-in-one-wp-migration\lib\vendor\servmask\database\class-ai1wm-database.php(1323): Ai1wm_Database_Mysqli->fetch_assoc(false)
#2 C:\wamp64\www\Planty\wp-content\plugins\all-in-one-wp-migration\lib\vendor\servmask\database\class-ai1wm-database.php(868): Ai1wm_Database->get_create_table('wp_mailpoet_sub...')
#3 C:\wamp64\www\Planty\wp-content\plugins\all-in-one-wp-migration\lib\model\export\class-ai1wm-export-database.php(162): Ai1wm_Database->export('C:\\wamp64\\www\\P...', 0, 49, 0, 8731)
#4 C:\wamp64\www\Planty\wp-content\plugins\all-in-one-wp-migration\lib\controller\class-ai1wm-export-controller.php(73): Ai1wm_Export_Database::execute(Array)
#5 C:\wamp64\www\Planty\wp-includes\class-wp-hook.php(308): Ai1wm_Export_Controller::export(Array)
#6 C:\wamp64\www\Planty\wp-includes\class-wp-hook.php(332): WP_Hook->apply_filters('', Array)
#7 C:\wamp64\www\Planty\wp-includes\plugin.php(517): WP_Hook->do_action(Array)
#8 C:\wamp64\www\Planty\wp-admin\admin-ajax.php(188): do_action('wp_ajax_ai1wm_e...')
#9 {main}
  thrown dans C:\wamp64\www\Planty\wp-content\plugins\all-in-one-wp-migration\lib\vendor\servmask\database\class-ai1wm-database-mysqli.php à la ligne 113

